<?xml version="1.0" encoding="UTF-8"?>
<testsuite name="kr.co.swm.jwt.JWTUtilTest" tests="6" skipped="0" failures="0" errors="0" timestamp="2024-08-24T18:51:05" hostname="abcui-MacBookPro.local" time="0.152">
  <properties/>
  <testcase name="isExpired()" classname="kr.co.swm.jwt.JWTUtilTest" time="0.123"/>
  <testcase name="validate()" classname="kr.co.swm.jwt.JWTUtilTest" time="0.007"/>
  <testcase name="create()" classname="kr.co.swm.jwt.JWTUtilTest" time="0.004"/>
  <testcase name="getRoleFromToken()" classname="kr.co.swm.jwt.JWTUtilTest" time="0.004"/>
  <testcase name="getUserIdFromToken()" classname="kr.co.swm.jwt.JWTUtilTest" time="0.004"/>
  <testcase name="getAccommAdminKeyFromToken()" classname="kr.co.swm.jwt.JWTUtilTest" time="0.003"/>
  <system-out><![CDATA[2024-08-25 03:51:05 INFO  o.s.t.c.s.AnnotationConfigContextLoaderUtils - Could not detect default configuration classes for test class [kr.co.swm.jwt.JWTUtilTest]: JWTUtilTest does not declare any static, non-private, non-final, nested classes annotated with @Configuration.
2024-08-25 03:51:05 INFO  o.s.b.t.c.SpringBootTestContextBootstrapper - Found @SpringBootConfiguration kr.co.swm.SwmApplication for test class kr.co.swm.jwt.JWTUtilTest
2024-08-25 03:51:05 INFO  kr.co.swm.jwt.util.JWTUtil - 토큰생성 : eyJhbGciOiJIUzI1NiJ9.eyJyb2xlIjoiVVNFUiIsInVzZXJObyI6MSwidXNlcklkIjoidGVzdFVzZXIiLCJhY2NvbW1BZG1pbktleSI6MSwiZXhwIjoxNzI0NTI0ODY1fQ.7tkN6fQm5-VgE8tEMwLgU9-PvFFxc9Jo6gnm5EM3q68
2024-08-25 03:51:05 INFO  kr.co.swm.jwt.util.JWTUtil - 토큰생성 : eyJhbGciOiJIUzI1NiJ9.eyJyb2xlIjoiVVNFUiIsInVzZXJObyI6MSwidXNlcklkIjoidGVzdFVzZXIiLCJhY2NvbW1BZG1pbktleSI6MSwiZXhwIjoxNzI0NTI2MDY1fQ.LoQqQRQtybQdmeOzinEWrQD43Ht7NNNqoWD1XKEn6Tk
2024-08-25 03:51:05 INFO  kr.co.swm.jwt.util.JWTUtil - key : role, value : USER
2024-08-25 03:51:05 INFO  kr.co.swm.jwt.util.JWTUtil - key : userNo, value : 1
2024-08-25 03:51:05 INFO  kr.co.swm.jwt.util.JWTUtil - key : userId, value : testUser
2024-08-25 03:51:05 INFO  kr.co.swm.jwt.util.JWTUtil - key : accommAdminKey, value : 1
2024-08-25 03:51:05 INFO  kr.co.swm.jwt.util.JWTUtil - key : exp, value : 1724526065
2024-08-25 03:51:05 INFO  kr.co.swm.jwt.util.JWTUtil - 토큰생성 : eyJhbGciOiJIUzI1NiJ9.eyJyb2xlIjoiVVNFUiIsInVzZXJObyI6MSwidXNlcklkIjoidGVzdFVzZXIiLCJhY2NvbW1BZG1pbktleSI6MSwiZXhwIjoxNzI0NTI2MDY1fQ.LoQqQRQtybQdmeOzinEWrQD43Ht7NNNqoWD1XKEn6Tk
2024-08-25 03:51:05 INFO  kr.co.swm.jwt.util.JWTUtil - 토큰생성 : eyJhbGciOiJIUzI1NiJ9.eyJyb2xlIjoiVVNFUiIsInVzZXJObyI6MSwidXNlcklkIjoidGVzdFVzZXIiLCJhY2NvbW1BZG1pbktleSI6MSwiZXhwIjoxNzI0NTI2MDY1fQ.LoQqQRQtybQdmeOzinEWrQD43Ht7NNNqoWD1XKEn6Tk
2024-08-25 03:51:05 INFO  kr.co.swm.jwt.util.JWTUtil - 토큰생성 : eyJhbGciOiJIUzI1NiJ9.eyJyb2xlIjoiVVNFUiIsInVzZXJObyI6MSwidXNlcklkIjoidGVzdFVzZXIiLCJhY2NvbW1BZG1pbktleSI6MSwiZXhwIjoxNzI0NTI2MDY1fQ.LoQqQRQtybQdmeOzinEWrQD43Ht7NNNqoWD1XKEn6Tk
2024-08-25 03:51:05 INFO  kr.co.swm.jwt.util.JWTUtil - 토큰생성 : eyJhbGciOiJIUzI1NiJ9.eyJyb2xlIjoiVVNFUiIsInVzZXJObyI6MSwidXNlcklkIjoidGVzdFVzZXIiLCJhY2NvbW1BZG1pbktleSI6MSwiZXhwIjoxNzI0NTI2MDY1fQ.LoQqQRQtybQdmeOzinEWrQD43Ht7NNNqoWD1XKEn6Tk
]]></system-out>
  <system-err><![CDATA[]]></system-err>
</testsuite>
