<?xml version="1.0" encoding="UTF-8"?>
<testsuite name="kr.co.swm.member.model.service.MemberServiceTest" tests="1" skipped="0" failures="0" errors="0" timestamp="2024-08-26T09:45:43" hostname="DESKTOP-5KLCJ41" time="1.787">
  <properties/>
  <testcase name="testSendSMSViaCoolSMS()" classname="kr.co.swm.member.model.service.MemberServiceTest" time="1.787"/>
  <system-out><![CDATA[]]></system-out>
  <system-err><![CDATA[]]></system-err>
</testsuite>
