<?xml version="1.0" encoding="UTF-8"?>
<testsuite name="kr.co.swm.jwt.JWTUtilTest" tests="6" skipped="0" failures="0" errors="0" timestamp="2024-08-27T03:25:42" hostname="abcui-MacBookPro.local" time="0.136">
  <properties/>
  <testcase name="isExpired()" classname="kr.co.swm.jwt.JWTUtilTest" time="0.108"/>
  <testcase name="validate()" classname="kr.co.swm.jwt.JWTUtilTest" time="0.007"/>
  <testcase name="create()" classname="kr.co.swm.jwt.JWTUtilTest" time="0.004"/>
  <testcase name="getRoleFromToken()" classname="kr.co.swm.jwt.JWTUtilTest" time="0.006"/>
  <testcase name="getUserIdFromToken()" classname="kr.co.swm.jwt.JWTUtilTest" time="0.004"/>
  <testcase name="getAccommAdminKeyFromToken()" classname="kr.co.swm.jwt.JWTUtilTest" time="0.004"/>
  <system-out><![CDATA[2024-08-27 12:25:42 INFO  o.s.t.c.s.AnnotationConfigContextLoaderUtils - Could not detect default configuration classes for test class [kr.co.swm.jwt.JWTUtilTest]: JWTUtilTest does not declare any static, non-private, non-final, nested classes annotated with @Configuration.
2024-08-27 12:25:42 INFO  o.s.b.t.c.SpringBootTestContextBootstrapper - Found @SpringBootConfiguration kr.co.swm.SwmApplication for test class kr.co.swm.jwt.JWTUtilTest
2024-08-27 12:25:42 INFO  kr.co.swm.jwt.util.JWTUtil - 토큰생성 : eyJhbGciOiJIUzI1NiJ9.eyJyb2xlIjoiVVNFUiIsInVzZXJObyI6MSwidXNlcklkIjoidGVzdFVzZXIiLCJhY2NvbW1BZG1pbktleSI6MSwiZXhwIjoxNzI0NzI4NTQyfQ.Emx1GOi5ZwHDrsPeY2lyNp0Fr6IJf6_w6GyOrqXQkx0
2024-08-27 12:25:42 INFO  kr.co.swm.jwt.util.JWTUtil - 토큰생성 : eyJhbGciOiJIUzI1NiJ9.eyJyb2xlIjoiVVNFUiIsInVzZXJObyI6MSwidXNlcklkIjoidGVzdFVzZXIiLCJhY2NvbW1BZG1pbktleSI6MSwiZXhwIjoxNzI0NzI5NzQyfQ.scEQffNAVHSWuCtLoVJKmfXcC9vuubJ1QAhrF8fV-Bo
2024-08-27 12:25:42 INFO  kr.co.swm.jwt.util.JWTUtil - key : role, value : USER
2024-08-27 12:25:42 INFO  kr.co.swm.jwt.util.JWTUtil - key : userNo, value : 1
2024-08-27 12:25:42 INFO  kr.co.swm.jwt.util.JWTUtil - key : userId, value : testUser
2024-08-27 12:25:42 INFO  kr.co.swm.jwt.util.JWTUtil - key : accommAdminKey, value : 1
2024-08-27 12:25:42 INFO  kr.co.swm.jwt.util.JWTUtil - key : exp, value : 1724729742
2024-08-27 12:25:42 INFO  kr.co.swm.jwt.util.JWTUtil - 토큰생성 : eyJhbGciOiJIUzI1NiJ9.eyJyb2xlIjoiVVNFUiIsInVzZXJObyI6MSwidXNlcklkIjoidGVzdFVzZXIiLCJhY2NvbW1BZG1pbktleSI6MSwiZXhwIjoxNzI0NzI5NzQyfQ.scEQffNAVHSWuCtLoVJKmfXcC9vuubJ1QAhrF8fV-Bo
2024-08-27 12:25:42 INFO  kr.co.swm.jwt.util.JWTUtil - 토큰생성 : eyJhbGciOiJIUzI1NiJ9.eyJyb2xlIjoiVVNFUiIsInVzZXJObyI6MSwidXNlcklkIjoidGVzdFVzZXIiLCJhY2NvbW1BZG1pbktleSI6MSwiZXhwIjoxNzI0NzI5NzQyfQ.scEQffNAVHSWuCtLoVJKmfXcC9vuubJ1QAhrF8fV-Bo
2024-08-27 12:25:42 INFO  kr.co.swm.jwt.util.JWTUtil - 토큰생성 : eyJhbGciOiJIUzI1NiJ9.eyJyb2xlIjoiVVNFUiIsInVzZXJObyI6MSwidXNlcklkIjoidGVzdFVzZXIiLCJhY2NvbW1BZG1pbktleSI6MSwiZXhwIjoxNzI0NzI5NzQyfQ.scEQffNAVHSWuCtLoVJKmfXcC9vuubJ1QAhrF8fV-Bo
2024-08-27 12:25:42 INFO  kr.co.swm.jwt.util.JWTUtil - 토큰생성 : eyJhbGciOiJIUzI1NiJ9.eyJyb2xlIjoiVVNFUiIsInVzZXJObyI6MSwidXNlcklkIjoidGVzdFVzZXIiLCJhY2NvbW1BZG1pbktleSI6MSwiZXhwIjoxNzI0NzI5NzQyfQ.scEQffNAVHSWuCtLoVJKmfXcC9vuubJ1QAhrF8fV-Bo
]]></system-out>
  <system-err><![CDATA[]]></system-err>
</testsuite>
